z:\lab4\lab4\lab1\debug\vc120.pdb
z:\lab4\lab4\lab1\debug\vc120.idb
z:\lab4\lab4\lab1\debug\display.obj
z:\lab4\lab4\lab1\debug\main.obj
z:\lab4\lab4\lab1\debug\maingame.obj
z:\lab4\lab4\lab1\debug\mesh.obj
z:\lab4\lab4\lab1\debug\obj_loader.obj
z:\lab4\lab4\lab1\debug\shader.obj
z:\lab4\lab4\lab1\debug\texture.obj
z:\lab4\lab4\lab1\debug\vc140.pdb
z:\lab4\lab4\lab1\debug\vc140.idb
z:\lab4\lab4\lab1\debug\stb_image.obj
h:\lab4\lab4\lab1\debug\vc141.pdb
h:\lab4\lab4\lab1\debug\vc141.idb
h:\lab4\lab4\lab1\debug\display.obj
h:\lab4\lab4\lab1\debug\main.obj
h:\lab4\lab4\lab1\debug\maingame.obj
h:\lab4\lab4\lab1\debug\mesh.obj
h:\lab4\lab4\lab1\debug\obj_loader.obj
h:\lab4\lab4\lab1\debug\shader.obj
h:\lab4\lab4\lab1\debug\texture.obj
h:\lab4\lab4\lab1\debug\stb_image.obj
z:\lab4\lab4\debug\lab1.ilk
z:\lab4\lab4\debug\lab1.exe
z:\lab4\lab4\debug\lab1.pdb
h:\lab4\lab4\debug\lab1.exe
h:\lab4\lab4\debug\lab1.ilk
h:\lab4\lab4\debug\lab1.pdb
d:\git\gp2-coursework\lab1\debug\display.obj
d:\git\gp2-coursework\lab1\debug\main.obj
d:\git\gp2-coursework\lab1\debug\maingame.obj
d:\git\gp2-coursework\lab1\debug\mesh.obj
d:\git\gp2-coursework\lab1\debug\obj_loader.obj
d:\git\gp2-coursework\lab1\debug\shader.obj
d:\git\gp2-coursework\lab1\debug\stb_image.obj
d:\git\gp2-coursework\lab1\debug\texture.obj
d:\git\gp2-coursework\lab1\debug\vc120.idb
d:\git\gp2-coursework\lab1\debug\vc140.idb
d:\git\gp2-coursework\lab1\debug\vc141.idb
d:\git\gp2-coursework\lab1\debug\vc120.pdb
d:\git\gp2-coursework\lab1\debug\vc140.pdb
d:\git\gp2-coursework\lab1\debug\vc141.pdb
d:\git\gp2-coursework\debug\lab1.pdb
d:\git\gp2-coursework\debug\lab1.exe
d:\git\gp2-coursework\debug\lab1.ilk
d:\git\gp2-coursework\lab1\debug\lab1.tlog\cl.command.1.tlog
d:\git\gp2-coursework\lab1\debug\lab1.tlog\cl.read.1.tlog
d:\git\gp2-coursework\lab1\debug\lab1.tlog\cl.write.1.tlog
d:\git\gp2-coursework\lab1\debug\lab1.tlog\link.command.1.tlog
d:\git\gp2-coursework\lab1\debug\lab1.tlog\link.delete.1.tlog
d:\git\gp2-coursework\lab1\debug\lab1.tlog\link.read.1.tlog
d:\git\gp2-coursework\lab1\debug\lab1.tlog\link.write.1.tlog
