d:\git\gp2-coursework\lab1\debug\vc141.pdb
d:\git\gp2-coursework\lab1\debug\vc141.idb
d:\git\gp2-coursework\lab1\debug\texture.obj
d:\git\gp2-coursework\lab1\debug\skybox.obj
d:\git\gp2-coursework\lab1\debug\shader.obj
d:\git\gp2-coursework\lab1\debug\resources.obj
d:\git\gp2-coursework\lab1\debug\obj_loader.obj
d:\git\gp2-coursework\lab1\debug\mushroomcontroller.obj
d:\git\gp2-coursework\lab1\debug\mesh.obj
d:\git\gp2-coursework\lab1\debug\game.obj
d:\git\gp2-coursework\lab1\debug\main.obj
d:\git\gp2-coursework\lab1\debug\inputdata.obj
d:\git\gp2-coursework\lab1\debug\hammercontroller.obj
d:\git\gp2-coursework\lab1\debug\gameobject.obj
d:\git\gp2-coursework\lab1\debug\display.obj
d:\git\gp2-coursework\lab1\debug\component.obj
d:\git\gp2-coursework\lab1\debug\boxcollider.obj
d:\git\gp2-coursework\lab1\debug\audiosource.obj
d:\git\gp2-coursework\lab1\debug\audio.obj
d:\git\gp2-coursework\lab1\debug\stb_image.obj
d:\git\gp2-coursework\debug\lab1.ilk
d:\git\gp2-coursework\debug\lab1.exe
d:\git\gp2-coursework\debug\lab1.pdb
d:\git\gp2-coursework\lab1\debug\lab1.tlog\cl.command.1.tlog
d:\git\gp2-coursework\lab1\debug\lab1.tlog\cl.read.1.tlog
d:\git\gp2-coursework\lab1\debug\lab1.tlog\cl.write.1.tlog
d:\git\gp2-coursework\lab1\debug\lab1.tlog\link.command.1.tlog
d:\git\gp2-coursework\lab1\debug\lab1.tlog\link.read.1.tlog
d:\git\gp2-coursework\lab1\debug\lab1.tlog\link.write.1.tlog
